\BOOKMARK [0][-]{chapter.1}{Pr\351sentation du projet}{}% 1
\BOOKMARK [1][-]{section.1.1}{Sujet}{chapter.1}% 2
\BOOKMARK [2][-]{subsection.1.1.1}{Introduction \340 la logique du premier ordre}{section.1.1}% 3
\BOOKMARK [2][-]{subsection.1.1.2}{Exemple}{section.1.1}% 4
\BOOKMARK [2][-]{subsection.1.1.3}{Application de la logique dans le jardin}{section.1.1}% 5
\BOOKMARK [1][-]{section.1.2}{Existant : \351valuation des formules}{chapter.1}% 6
\BOOKMARK [2][-]{subsection.1.2.1}{Script python}{section.1.2}% 7
\BOOKMARK [2][-]{subsection.1.2.2}{Bilan r\351capitulatif}{section.1.2}% 8
\BOOKMARK [1][-]{section.1.3}{Probl\351matiques soulev\351es}{chapter.1}% 9
\BOOKMARK [1][-]{section.1.4}{Hypoth\350se de solution}{chapter.1}% 10
\BOOKMARK [2][-]{subsection.1.4.1}{Probl\351matique de l'int\351grit\351 syntaxique}{section.1.4}% 11
\BOOKMARK [2][-]{subsection.1.4.2}{Probl\351matique de la communication}{section.1.4}% 12
\BOOKMARK [0][-]{chapter.2}{Analyse des besoins}{}% 13
\BOOKMARK [1][-]{section.2.1}{Besoins}{chapter.2}% 14
\BOOKMARK [2][-]{subsection.2.1.1}{Interface Graphique}{section.2.1}% 15
\BOOKMARK [2][-]{subsection.2.1.2}{Analyse Syntaxique}{section.2.1}% 16
\BOOKMARK [1][-]{section.2.2}{D\351veloppement}{chapter.2}% 17
\BOOKMARK [2][-]{subsection.2.2.1}{T\342ches}{section.2.2}% 18
\BOOKMARK [2][-]{subsection.2.2.2}{Organisation du code}{section.2.2}% 19
\BOOKMARK [0][-]{chapter.3}{Choix techniques}{}% 20
\BOOKMARK [1][-]{section.3.1}{Analyse Syntaxique}{chapter.3}% 21
\BOOKMARK [2][-]{subsection.3.1.1}{G\351n\351ration du parseur avec Grammatica}{section.3.1}% 22
\BOOKMARK [2][-]{subsection.3.1.2}{Communication avec le script Python}{section.3.1}% 23
\BOOKMARK [1][-]{section.3.2}{L'interface graphique avec Unity}{chapter.3}% 24
\BOOKMARK [2][-]{subsection.3.2.1}{Pr\351sentation et architecture g\351n\351rale}{section.3.2}% 25
\BOOKMARK [2][-]{subsection.3.2.2}{Fonctionnement du clavier et des formulaires}{section.3.2}% 26
\BOOKMARK [2][-]{subsection.3.2.3}{Le jardin et les fleurs}{section.3.2}% 27
\BOOKMARK [2][-]{subsection.3.2.4}{Options suppl\351mentaires}{section.3.2}% 28
\BOOKMARK [0][-]{chapter.4}{R\351sultats}{}% 29
\BOOKMARK [1][-]{section.4.1}{\311volution des fonctionnalit\351s}{chapter.4}% 30
\BOOKMARK [-1][-]{part*.11}{Annexes}{}% 31
